<?xml version="1.0" encoding="UTF-8"?>
<!-- Generated by org.testng.reporters.JUnitReportReporter -->
<testsuite hostname="DESKTOP-4NR66VL" failures="0" tests="2" name="HRMS_EMP.Testclass" time="12.406" errors="0" timestamp="2025-09-24T09:33:44 IST" skipped="0">
  <testcase classname="HRMS_EMP.Testclass" name="empdashboard" time="8.879"/>
  <testcase classname="HRMS_EMP.Testclass" name="Login_test" time="3.527"/>
</testsuite> <!-- HRMS_EMP.Testclass -->
